300 30000.00 48773.2150710000 0.0623628369 -301032 -293.73630
301 30100.00 48773.2150710000 0.0623628369 -299429 -291.95159
302 30200.00 48773.2150710000 0.0623628369 -297825 -290.04174
303 30300.00 48773.2150710000 0.0623628369 -296222 -288.00882
304 30400.00 48773.2150710000 0.0623628369 -294618 -285.85526
305 30500.00 48773.2150710000 0.0623628369 -293014 -283.58383
306 30600.00 48773.2150710000 0.0623628369 -291411 -281.19766
307 30700.00 48773.2150710000 0.0623628369 -289807 -278.70019
308 30800.00 48773.2150710000 0.0623628369 -288204 -276.09521
309 30900.00 48773.2150710000 0.0623628369 -286600 -273.38680
310 31000.00 48773.2150710000 0.0623628369 -284997 -270.57935
311 31100.00 48773.2150710000 0.0623628369 -283393 -267.67752
312 31200.00 48773.2150710000 0.0623628369 -281790 -264.68627
313 31300.00 48773.2150710000 0.0623628369 -280186 -261.61080
314 31400.00 48773.2150710000 0.0623628369 -278583 -258.45656
315 31500.00 48773.2150710000 0.0623628369 -276979 -255.22922
316 31600.00 48773.2150710000 0.0623628369 -275376 -251.93468
317 31700.00 48773.2150710000 0.0623628369 -273772 -248.57903
318 31800.00 48773.2150710000 0.0623628369 -272169 -245.16852
319 31900.00 48773.2150710000 0.0623628369 -270565 -241.70957
320 32000.00 48773.2150710000 0.0623628369 -268962 -238.20874
321 32100.00 48773.2150710000 0.0623628369 -267358 -234.67272
322 32200.00 48773.2150710000 0.0623628369 -265755 -231.10829
323 32300.00 48773.2150710000 0.0623628369 -264151 -227.52232
324 32400.00 48773.2150710000 0.0623628369 -262548 -223.92173
325 32500.00 48773.2150710000 0.0623628369 -260944 -220.31350
326 32600.00 48773.2150710000 0.0623628369 -259341 -216.70461
327 32700.00 48773.2150710000 0.0623628369 -257737 -213.10208
328 32800.00 48773.2150710000 0.0623628369 -256134 -209.51286
329 32900.00 48773.2150710000 0.0623628369 -254530 -205.94390
330 33000.00 48773.2150710000 0.0623628369 -252927 -202.40208
331 33100.00 48773.2150710000 0.0623628369 -251323 -198.89420
332 33200.00 48773.2150710000 0.0623628369 -249719 -195.42696
333 33300.00 48773.2150710000 0.0623628369 -248116 -192.00695
334 33400.00 48773.2150710000 0.0623628369 -246512 -188.64061
335 33500.00 48773.2150710000 0.0623628369 -244909 -185.33424
336 33600.00 48773.2150710000 0.0623628369 -243305 -182.09396
337 33700.00 48773.2150710000 0.0623628369 -241702 -178.92569
338 33800.00 48773.2150710000 0.0623628369 -240098 -175.83515
339 33900.00 48773.2150710000 0.0623628369 -238495 -172.82783
340 34000.00 48773.2150710000 0.0623628369 -236891 -169.90899
341 34100.00 48773.2150710000 0.0623628369 -235288 -167.08362
342 34200.00 48773.2150710000 0.0623628369 -233684 -164.35645
343 34300.00 48773.2150710000 0.0623628369 -232081 -161.73192
344 34400.00 48773.2150710000 0.0623628369 -230477 -159.21416
345 34500.00 48773.2150710000 0.0623628369 -228874 -156.80702
346 34600.00 48773.2150710000 0.0623628369 -227270 -154.51401
347 34700.00 48773.2150710000 0.0623628369 -225667 -152.33830
348 34800.00 48773.2150710000 0.0623628369 -224063 -150.28275
349 34900.00 48773.2150710000 0.0623628369 -222460 -148.34984
350 35000.00 48773.2150710000 0.0623628369 -220856 -146.54172
351 35100.00 48773.2150710000 0.0623628369 -219253 -144.86015
352 35200.00 48773.2150710000 0.0623628369 -217649 -143.30657
353 35300.00 48773.2150710000 0.0623628369 -216046 -141.88199
354 35400.00 48773.2150710000 0.0623628369 -214442 -140.58709
355 35500.00 48773.2150710000 0.0623628369 -212839 -139.42217
356 35600.00 48773.2150710000 0.0623628369 -211235 -138.38712
357 35700.00 48773.2150710000 0.0623628369 -209632 -137.48149
358 35800.00 48773.2150710000 0.0623628369 -208028 -136.70445
359 35900.00 48773.2150710000 0.0623628369 -206424 -136.05478
360 36000.00 48773.2150710000 0.0623628369 -204821 -135.53090
361 36100.00 48773.2150710000 0.0623628369 -203217 -135.13087
362 36200.00 48773.2150710000 0.0623628369 -201614 -134.85238
363 36300.00 48773.2150710000 0.0623628369 -200010 -134.69279
364 36400.00 48773.2150710000 0.0623628369 -198407 -134.64909
365 36500.00 48773.2150710000 0.0623628369 -196803 -134.71795
366 36600.00 48773.2150710000 0.0623628369 -195200 -134.89570
367 36700.00 48773.2150710000 0.0623628369 -193596 -135.17837
368 36800.00 48773.2150710000 0.0623628369 -191993 -135.56168
369 36900.00 48773.2150710000 0.0623628369 -190389 -136.04106
370 37000.00 48773.2150710000 0.0623628369 -188786 -136.61165
371 37100.00 48773.2150710000 0.0623628369 -187182 -137.26834
372 37200.00 48773.2150710000 0.0623628369 -185579 -138.00577
373 37300.00 48773.2150710000 0.0623628369 -183975 -138.81834
374 37400.00 48773.2150710000 0.0623628369 -182372 -139.70022
375 37500.00 48773.2150710000 0.0623628369 -180768 -140.64541
376 37600.00 48773.2150710000 0.0623628369 -179165 -141.64770
377 37700.00 48773.2150710000 0.0623628369 -177561 -142.70073
378 37800.00 48773.2150710000 0.0623628369 -175958 -143.79799
379 37900.00 48773.2150710000 0.0623628369 -174354 -144.93283
380 38000.00 48773.2150710000 0.0623628369 -172751 -146.09850
381 38100.00 48773.2150710000 0.0623628369 -171147 -147.28817
382 38200.00 48773.2150710000 0.0623628369 -169544 -148.49492
383 38300.00 48773.2150710000 0.0623628369 -167940 -149.71180
384 38400.00 48773.2150710000 0.0623628369 -166336 -150.93182
385 38500.00 48773.2150710000 0.0623628369 -164733 -152.14798
386 38600.00 48773.2150710000 0.0623628369 -163129 -153.35330
387 38700.00 48773.2150710000 0.0623628369 -161526 -154.54082
388 38800.00 48773.2150710000 0.0623628369 -159922 -155.70365
389 38900.00 48773.2150710000 0.0623628369 -158319 -156.83494
390 39000.00 48773.2150710000 0.0623628369 -156715 -157.92796
391 39100.00 48773.2150710000 0.0623628369 -155112 -158.97608
392 39200.00 48773.2150710000 0.0623628369 -153508 -159.97281
393 39300.00 48773.2150710000 0.0623628369 -151905 -160.91179
394 39400.00 48773.2150710000 0.0623628369 -150301 -161.78683
395 39500.00 48773.2150710000 0.0623628369 -148698 -162.59195
396 39600.00 48773.2150710000 0.0623628369 -147094 -163.32135
397 39700.00 48773.2150710000 0.0623628369 -145491 -163.96945
398 39800.00 48773.2150710000 0.0623628369 -143887 -164.53092
399 39900.00 48773.2150710000 0.0623628369 -142284 -165.00066
400 40000.00 48773.2150710000 0.0623628369 -140680 -165.37385
401 40100.00 48773.2150710000 0.0623628369 -139077 -165.64595
402 40200.00 48773.2150710000 0.0623628369 -137473 -165.81271
403 40300.00 48773.2150710000 0.0623628369 -135870 -165.87018
404 40400.00 48773.2150710000 0.0623628369 -134266 -165.81474
405 40500.00 48773.2150710000 0.0623628369 -132663 -165.64308
406 40600.00 48773.2150710000 0.0623628369 -131059 -165.35224
407 40700.00 48773.2150710000 0.0623628369 -129456 -164.93961
408 40800.00 48773.2150710000 0.0623628369 -127852 -164.40291
409 40900.00 48773.2150710000 0.0623628369 -126249 -163.74023
410 41000.00 48773.2150710000 0.0623628369 -124645 -162.95005
411 41100.00 48773.2150710000 0.0623628369 -123041 -162.03118
412 41200.00 48773.2150710000 0.0623628369 -121438 -160.98282
413 41300.00 48773.2150710000 0.0623628369 -119834 -159.80456
414 41400.00 48773.2150710000 0.0623628369 -118231 -158.49634
415 41500.00 48773.2150710000 0.0623628369 -116627 -157.05849
416 41600.00 48773.2150710000 0.0623628369 -115024 -155.49172
417 41700.00 48773.2150710000 0.0623628369 -113420 -153.79710
418 41800.00 48773.2150710000 0.0623628369 -111817 -151.97609
419 41900.00 48773.2150710000 0.0623628369 -110213 -150.03049
420 42000.00 48773.2150710000 0.0623628369 -108610 -147.96249
421 42100.00 48773.2150710000 0.0623628369 -107006 -145.77462
422 42200.00 48773.2150710000 0.0623628369 -105403 -143.46974
423 42300.00 48773.2150710000 0.0623628369 -103799 -141.05108
424 42400.00 48773.2150710000 0.0623628369 -102196 -138.52219
425 42500.00 48773.2150710000 0.0623628369 -100592 -135.88693
426 42600.00 48773.2150710000 0.0623628369 -98989 -133.14948
427 42700.00 48773.2150710000 0.0623628369 -97385 -130.31430
428 42800.00 48773.2150710000 0.0623628369 -95782 -127.38615
429 42900.00 48773.2150710000 0.0623628369 -94178 -124.37005
430 43000.00 48773.2150710000 0.0623628369 -92575 -121.27127
431 43100.00 48773.2150710000 0.0623628369 -90971 -118.09535
432 43200.00 48773.2150710000 0.0623628369 -89368 -114.84801
433 43300.00 48773.2150710000 0.0623628369 -87764 -111.53520
434 43400.00 48773.2150710000 0.0623628369 -86161 -108.16306
435 43500.00 48773.2150710000 0.0623628369 -84557 -104.73791
436 43600.00 48773.2150710000 0.0623628369 -82953 -101.26620
437 43700.00 48773.2150710000 0.0623628369 -81350 -97.75452
438 43800.00 48773.2150710000 0.0623628369 -79746 -94.20960
439 43900.00 48773.2150710000 0.0623628369 -78143 -90.63825
440 44000.00 48773.2150710000 0.0623628369 -76539 -87.04735
441 44100.00 48773.2150710000 0.0623628369 -74936 -83.44383
442 44200.00 48773.2150710000 0.0623628369 -73332 -79.83470
443 44300.00 48773.2150710000 0.0623628369 -71729 -76.22693
444 44400.00 48773.2150710000 0.0623628369 -70125 -72.62752
445 44500.00 48773.2150710000 0.0623628369 -68522 -69.04344
446 44600.00 48773.2150710000 0.0623628369 -66918 -65.48161
447 44700.00 48773.2150710000 0.0623628369 -65315 -61.94889
448 44800.00 48773.2150710000 0.0623628369 -63711 -58.45205
449 44900.00 48773.2150710000 0.0623628369 -62108 -54.99777
450 45000.00 48773.2150710000 0.0623628369 -60504 -51.59259
451 45100.00 48773.2150710000 0.0623628369 -58901 -48.24292
452 45200.00 48773.2150710000 0.0623628369 -57297 -44.95500
453 45300.00 48773.2150710000 0.0623628369 -55694 -41.73490
454 45400.00 48773.2150710000 0.0623628369 -54090 -38.58848
455 45500.00 48773.2150710000 0.0623628369 -52487 -35.52140
456 45600.00 48773.2150710000 0.0623628369 -50883 -32.53909
457 45700.00 48773.2150710000 0.0623628369 -49280 -29.64672
458 45800.00 48773.2150710000 0.0623628369 -47676 -26.84922
459 45900.00 48773.2150710000 0.0623628369 -46073 -24.15122
460 46000.00 48773.2150710000 0.0623628369 -44469 -21.55709
461 46100.00 48773.2150710000 0.0623628369 -42866 -19.07087
462 46200.00 48773.2150710000 0.0623628369 -41262 -16.69632
463 46300.00 48773.2150710000 0.0623628369 -39658 -14.43685
464 46400.00 48773.2150710000 0.0623628369 -38055 -12.29554
465 46500.00 48773.2150710000 0.0623628369 -36451 -10.27514
466 46600.00 48773.2150710000 0.0623628369 -34848 -8.37803
467 46700.00 48773.2150710000 0.0623628369 -33244 -6.60627
468 46800.00 48773.2150710000 0.0623628369 -31641 -4.96151
469 46900.00 48773.2150710000 0.0623628369 -30037 -3.44506
470 47000.00 48773.2150710000 0.0623628369 -28434 -2.05785
471 47100.00 48773.2150710000 0.0623628369 -26830 -0.80045
472 47200.00 48773.2150710000 0.0623628369 -25227 0.32698
473 47300.00 48773.2150710000 0.0623628369 -23623 1.32461
474 47400.00 48773.2150710000 0.0623628369 -22020 2.19303
475 47500.00 48773.2150710000 0.0623628369 -20416 2.93318
476 47600.00 48773.2150710000 0.0623628369 -18813 3.54637
477 47700.00 48773.2150710000 0.0623628369 -17209 4.03429
478 47800.00 48773.2150710000 0.0623628369 -15606 4.39900
479 47900.00 48773.2150710000 0.0623628369 -14002 4.64288
480 48000.00 48773.2150710000 0.0623628369 -12399 4.76871
481 48100.00 48773.2150710000 0.0623628369 -10795 4.77957
482 48200.00 48773.2150710000 0.0623628369 -9192 4.67890
483 48300.00 48773.2150710000 0.0623628369 -7588 4.47045
484 48400.00 48773.2150710000 0.0623628369 -5985 4.15828
485 48500.00 48773.2150710000 0.0623628369 -4381 3.74677
486 48600.00 48773.2150710000 0.0623628369 -2778 3.24056
487 48700.00 48773.2150710000 0.0623628369 -1174 2.64459
488 48800.00 48773.2150710000 0.0623628369 430 1.96404
489 48900.00 48773.2150710000 0.0623628369 2033 1.20434
490 49000.00 48773.2150710000 0.0623628369 3637 0.37117
491 49100.00 48773.2150710000 0.0623628369 5240 -0.52961
492 49200.00 48773.2150710000 0.0623628369 6844 -1.49192
493 49300.00 48773.2150710000 0.0623628369 8447 -2.50952
494 49400.00 48773.2150710000 0.0623628369 10051 -3.57599
495 49500.00 48773.2150710000 0.0623628369 11654 -4.68477
496 49600.00 48773.2150710000 0.0623628369 13258 -5.82921
497 49700.00 48773.2150710000 0.0623628369 14861 -7.00251
498 49800.00 48773.2150710000 0.0623628369 16465 -8.19782
499 49900.00 48773.2150710000 0.0623628369 18068 -9.40821
500 50000.00 48773.2150710000 0.0623628369 19672 -10.62671
501 50100.00 48773.2150710000 0.0623628369 21275 -11.84634
502 50200.00 48773.2150710000 0.0623628369 22879 -13.06009
503 50300.00 48773.2150710000 0.0623628369 24482 -14.26098
504 50400.00 48773.2150710000 0.0623628369 26086 -15.44208
505 50500.00 48773.2150710000 0.0623628369 27689 -16.59651
506 50600.00 48773.2150710000 0.0623628369 29293 -17.71744
507 50700.00 48773.2150710000 0.0623628369 30896 -18.79818
508 50800.00 48773.2150710000 0.0623628369 32500 -19.83213
509 50900.00 48773.2150710000 0.0623628369 34103 -20.81284
510 51000.00 48773.2150710000 0.0623628369 35707 -21.73399
511 51100.00 48773.2150710000 0.0623628369 37310 -22.58947
512 51200.00 48773.2150710000 0.0623628369 38914 -23.37332
513 51300.00 48773.2150710000 0.0623628369 40517 -24.07982
514 51400.00 48773.2150710000 0.0623628369 42121 -24.70346
515 51500.00 48773.2150710000 0.0623628369 43725 -25.23897
516 51600.00 48773.2150710000 0.0623628369 45328 -25.68133
517 51700.00 48773.2150710000 0.0623628369 46932 -26.02580
518 51800.00 48773.2150710000 0.0623628369 48535 -26.26793
519 51900.00 48773.2150710000 0.0623628369 50139 -26.40354
520 52000.00 48773.2150710000 0.0623628369 51742 -26.42879
521 52100.00 48773.2150710000 0.0623628369 53346 -26.34013
522 52200.00 48773.2150710000 0.0623628369 54949 -26.13437
523 52300.00 48773.2150710000 0.0623628369 56553 -25.80864
524 52400.00 48773.2150710000 0.0623628369 58156 -25.36042
525 52500.00 48773.2150710000 0.0623628369 59760 -24.78755
526 52600.00 48773.2150710000 0.0623628369 61363 -24.08822
527 52700.00 48773.2150710000 0.0623628369 62967 -23.26100
528 52800.00 48773.2150710000 0.0623628369 64570 -22.30483
529 52900.00 48773.2150710000 0.0623628369 66174 -21.21902
530 53000.00 48773.2150710000 0.0623628369 67777 -20.00324
531 53100.00 48773.2150710000 0.0623628369 69381 -18.65756
532 53200.00 48773.2150710000 0.0623628369 70984 -17.18242
533 53300.00 48773.2150710000 0.0623628369 72588 -15.57863
534 53400.00 48773.2150710000 0.0623628369 74191 -13.84737
535 53500.00 48773.2150710000 0.0623628369 75795 -11.99021
536 53600.00 48773.2150710000 0.0623628369 77398 -10.00905
537 53700.00 48773.2150710000 0.0623628369 79002 -7.90618
538 53800.00 48773.2150710000 0.0623628369 80605 -5.68423
539 53900.00 48773.2150710000 0.0623628369 82209 -3.34618
540 54000.00 48773.2150710000 0.0623628369 83812 -0.89533
541 54100.00 48773.2150710000 0.0623628369 85416 1.66467
542 54200.00 48773.2150710000 0.0623628369 87020 4.32986
543 54300.00 48773.2150710000 0.0623628369 88623 7.09599
544 54400.00 48773.2150710000 0.0623628369 90227 9.95849
545 54500.00 48773.2150710000 0.0623628369 91830 12.91255
546 54600.00 48773.2150710000 0.0623628369 93434 15.95306
547 54700.00 48773.2150710000 0.0623628369 95037 19.07468
548 54800.00 48773.2150710000 0.0623628369 96641 22.27181
549 54900.00 48773.2150710000 0.0623628369 98244 25.53866
550 55000.00 48773.2150710000 0.0623628369 99848 28.86923
551 55100.00 48773.2150710000 0.0623628369 101451 32.25732
552 55200.00 48773.2150710000 0.0623628369 103055 35.69658
553 55300.00 48773.2150710000 0.0623628369 104658 39.18051
554 55400.00 48773.2150710000 0.0623628369 106262 42.70247
555 55500.00 48773.2150710000 0.0623628369 107865 46.25571
556 55600.00 48773.2150710000 0.0623628369 109469 49.83342
557 55700.00 48773.2150710000 0.0623628369 111072 53.42868
558 55800.00 48773.2150710000 0.0623628369 112676 57.03453
559 55900.00 48773.2150710000 0.0623628369 114279 60.64399
560 56000.00 48773.2150710000 0.0623628369 115883 64.25007
561 56100.00 48773.2150710000 0.0623628369 117486 67.84577
562 56200.00 48773.2150710000 0.0623628369 119090 71.42413
563 56300.00 48773.2150710000 0.0623628369 120693 74.97827
564 56400.00 48773.2150710000 0.0623628369 122297 78.50132
565 56500.00 48773.2150710000 0.0623628369 123900 81.98656
566 56600.00 48773.2150710000 0.0623628369 125504 85.42733
567 56700.00 48773.2150710000 0.0623628369 127108 88.81714
568 56800.00 48773.2150710000 0.0623628369 128711 92.14963
569 56900.00 48773.2150710000 0.0623628369 130315 95.41859
570 57000.00 48773.2150710000 0.0623628369 131918 98.61802
571 57100.00 48773.2150710000 0.0623628369 133522 101.74212
572 57200.00 48773.2150710000 0.0623628369 135125 104.78528
573 57300.00 48773.2150710000 0.0623628369 136729 107.74216
574 57400.00 48773.2150710000 0.0623628369 138332 110.60764
575 57500.00 48773.2150710000 0.0623628369 139936 113.37690
576 57600.00 48773.2150710000 0.0623628369 141539 116.04536
577 57700.00 48773.2150710000 0.0623628369 143143 118.60875
578 57800.00 48773.2150710000 0.0623628369 144746 121.06311
579 57900.00 48773.2150710000 0.0623628369 146350 123.40479
580 58000.00 48773.2150710000 0.0623628369 147953 125.63047
581 58100.00 48773.2150710000 0.0623628369 149557 127.73715
582 58200.00 48773.2150710000 0.0623628369 151160 129.72220
583 58300.00 48773.2150710000 0.0623628369 152764 131.58333
584 58400.00 48773.2150710000 0.0623628369 154367 133.31860
585 58500.00 48773.2150710000 0.0623628369 155971 134.92645
586 58600.00 48773.2150710000 0.0623628369 157574 136.40569
587 58700.00 48773.2150710000 0.0623628369 159178 137.75548
588 58800.00 48773.2150710000 0.0623628369 160781 138.97537
589 58900.00 48773.2150710000 0.0623628369 162385 140.06531
590 59000.00 48773.2150710000 0.0623628369 163988 141.02558
591 59100.00 48773.2150710000 0.0623628369 165592 141.85687
592 59200.00 48773.2150710000 0.0623628369 167195 142.56023
593 59300.00 48773.2150710000 0.0623628369 168799 143.13708
594 59400.00 48773.2150710000 0.0623628369 170403 143.58922
595 59500.00 48773.2150710000 0.0623628369 172006 143.91880
596 59600.00 48773.2150710000 0.0623628369 173610 144.12832
597 59700.00 48773.2150710000 0.0623628369 175213 144.22064
598 59800.00 48773.2150710000 0.0623628369 176817 144.19895
599 59900.00 48773.2150710000 0.0623628369 178420 144.06677
600 60000.00 48773.2150710000 0.0623628369 180024 143.82796
601 60100.00 48773.2150710000 0.0623628369 181627 143.48666
602 60200.00 48773.2150710000 0.0623628369 183231 143.04733
603 60300.00 48773.2150710000 0.0623628369 184834 142.51470
604 60400.00 48773.2150710000 0.0623628369 186438 141.89378
605 60500.00 48773.2150710000 0.0623628369 188041 141.18982
606 60600.00 48773.2150710000 0.0623628369 189645 140.40833
607 60700.00 48773.2150710000 0.0623628369 191248 139.55504
608 60800.00 48773.2150710000 0.0623628369 192852 138.63587
609 60900.00 48773.2150710000 0.0623628369 194455 137.65696
610 61000.00 48773.2150710000 0.0623628369 196059 136.62459
611 61100.00 48773.2150710000 0.0623628369 197662 135.54524
612 61200.00 48773.2150710000 0.0623628369 199266 134.42547
613 61300.00 48773.2150710000 0.0623628369 200869 133.27201
614 61400.00 48773.2150710000 0.0623628369 202473 132.09165
615 61500.00 48773.2150710000 0.0623628369 204076 130.89127
616 61600.00 48773.2150710000 0.0623628369 205680 129.67782
617 61700.00 48773.2150710000 0.0623628369 207283 128.45828
618 61800.00 48773.2150710000 0.0623628369 208887 127.23963
619 61900.00 48773.2150710000 0.0623628369 210491 126.02888
620 62000.00 48773.2150710000 0.0623628369 212094 124.83298
621 62100.00 48773.2150710000 0.0623628369 213698 123.65888
622 62200.00 48773.2150710000 0.0623628369 215301 122.51342
623 62300.00 48773.2150710000 0.0623628369 216905 121.40340
624 62400.00 48773.2150710000 0.0623628369 218508 120.33549
625 62500.00 48773.2150710000 0.0623628369 220112 119.31625
626 62600.00 48773.2150710000 0.0623628369 221715 118.35209
627 62700.00 48773.2150710000 0.0623628369 223319 117.44927
628 62800.00 48773.2150710000 0.0623628369 224922 116.61386
629 62900.00 48773.2150710000 0.0623628369 226526 115.85175
630 63000.00 48773.2150710000 0.0623628369 228129 115.16860
631 63100.00 48773.2150710000 0.0623628369 229733 114.56987
632 63200.00 48773.2150710000 0.0623628369 231336 114.06074
633 63300.00 48773.2150710000 0.0623628369 232940 113.64615
634 63400.00 48773.2150710000 0.0623628369 234543 113.33077
635 63500.00 48773.2150710000 0.0623628369 236147 113.11897
636 63600.00 48773.2150710000 0.0623628369 237750 113.01482
637 63700.00 48773.2150710000 0.0623628369 239354 113.02209
638 63800.00 48773.2150710000 0.0623628369 240957 113.14423
639 63900.00 48773.2150710000 0.0623628369 242561 113.38433
640 64000.00 48773.2150710000 0.0623628369 244164 113.74516
641 64100.00 48773.2150710000 0.0623628369 245768 114.22915
642 64200.00 48773.2150710000 0.0623628369 247371 114.83834
643 64300.00 48773.2150710000 0.0623628369 248975 115.57445
644 64400.00 48773.2150710000 0.0623628369 250578 116.43878
645 64500.00 48773.2150710000 0.0623628369 252182 117.43231
646 64600.00 48773.2150710000 0.0623628369 253786 118.55562
647 64700.00 48773.2150710000 0.0623628369 255389 119.80890
648 64800.00 48773.2150710000 0.0623628369 256993 121.19200
649 64900.00 48773.2150710000 0.0623628369 258596 122.70437
650 65000.00 48773.2150710000 0.0623628369 260200 124.34508
651 65100.00 48773.2150710000 0.0623628369 261803 126.11284
652 65200.00 48773.2150710000 0.0623628369 263407 128.00600
653 65300.00 48773.2150710000 0.0623628369 265010 130.02253
654 65400.00 48773.2150710000 0.0623628369 266614 132.16005
655 65500.00 48773.2150710000 0.0623628369 268217 134.41583
656 65600.00 48773.2150710000 0.0623628369 269821 136.78678
657 65700.00 48773.2150710000 0.0623628369 271424 139.26951
658 65800.00 48773.2150710000 0.0623628369 273028 141.86029
659 65900.00 48773.2150710000 0.0623628369 274631 144.55506
660 66000.00 48773.2150710000 0.0623628369 276235 147.34948
661 66100.00 48773.2150710000 0.0623628369 277838 150.23891
662 66200.00 48773.2150710000 0.0623628369 279442 153.21845
663 66300.00 48773.2150710000 0.0623628369 281045 156.28293
664 66400.00 48773.2150710000 0.0623628369 282649 159.42692
665 66500.00 48773.2150710000 0.0623628369 284252 162.64477
666 66600.00 48773.2150710000 0.0623628369 285856 165.93064
667 66700.00 48773.2150710000 0.0623628369 287459 169.27845
668 66800.00 48773.2150710000 0.0623628369 289063 172.68196
669 66900.00 48773.2150710000 0.0623628369 290666 176.13479
670 67000.00 48773.2150710000 0.0623628369 292270 179.63037
671 67100.00 48773.2150710000 0.0623628369 293873 183.16206
672 67200.00 48773.2150710000 0.0623628369 295477 186.72307
673 67300.00 48773.2150710000 0.0623628369 297081 190.30655
674 67400.00 48773.2150710000 0.0623628369 298684 193.90558
675 67500.00 48773.2150710000 0.0623628369 300288 197.51320
676 67600.00 48773.2150710000 0.0623628369 301891 201.12240
677 67700.00 48773.2150710000 0.0623628369 303495 204.72620
678 67800.00 48773.2150710000 0.0623628369 305098 208.31761
679 67900.00 48773.2150710000 0.0623628369 306702 211.88969
680 68000.00 48773.2150710000 0.0623628369 308305 215.43555
681 68100.00 48773.2150710000 0.0623628369 309909 218.94838
682 68200.00 48773.2150710000 0.0623628369 311512 222.42146
683 68300.00 48773.2150710000 0.0623628369 313116 225.84819
684 68400.00 48773.2150710000 0.0623628369 314719 229.22210
685 68500.00 48773.2150710000 0.0623628369 316323 232.53688
686 68600.00 48773.2150710000 0.0623628369 317926 235.78639
687 68700.00 48773.2150710000 0.0623628369 319530 238.96467
688 68800.00 48773.2150710000 0.0623628369 321133 242.06597
689 68900.00 48773.2150710000 0.0623628369 322737 245.08478
690 69000.00 48773.2150710000 0.0623628369 324340 248.01580
691 69100.00 48773.2150710000 0.0623628369 325944 250.85400
692 69200.00 48773.2150710000 0.0623628369 327547 253.59462
693 69300.00 48773.2150710000 0.0623628369 329151 256.23318
694 69400.00 48773.2150710000 0.0623628369 330754 258.76551
695 69500.00 48773.2150710000 0.0623628369 332358 261.18771
696 69600.00 48773.2150710000 0.0623628369 333961 263.49624
697 69700.00 48773.2150710000 0.0623628369 335565 265.68787
698 69800.00 48773.2150710000 0.0623628369 337169 267.75971
699 69900.00 48773.2150710000 0.0623628369 338772 269.70922
